<?xml version="1.0" encoding="UTF-8"?>
<testng-results ignored="0" total="12" passed="12" failed="0" skipped="0">
  <reporter-output>
  </reporter-output>
  <suite started-at="2024-06-28T09:55:05 IST" name="Suite" finished-at="2024-06-28T09:57:18 IST" duration-ms="132958">
    <groups>
    </groups>
    <test started-at="2024-06-28T09:55:05 IST" name="Test" finished-at="2024-06-28T09:57:18 IST" duration-ms="132958">
      <class name="com.akhilsystem_release.test.emr.VisitWiseWebpart">
        <test-method is-config="true" signature="launch()[pri:0, instance:com.akhilsystem_release.test.emr.VisitWiseWebpart@1a052a00]" started-at="2024-06-28T09:55:05 IST" name="launch" finished-at="2024-06-28T09:55:11 IST" duration-ms="5406" status="PASS">
          <reporter-output>
          </reporter-output>
        </test-method> <!-- launch -->
        <test-method is-config="true" signature="setup()[pri:0, instance:com.akhilsystem_release.test.emr.VisitWiseWebpart@1a052a00]" started-at="2024-06-28T09:55:11 IST" name="setup" finished-at="2024-06-28T09:55:11 IST" duration-ms="331" status="PASS">
          <reporter-output>
          </reporter-output>
        </test-method> <!-- setup -->
        <test-method signature="openAppointment()[pri:1, instance:com.akhilsystem_release.test.emr.VisitWiseWebpart@1a052a00]" started-at="2024-06-28T09:55:11 IST" name="openAppointment" finished-at="2024-06-28T09:55:22 IST" duration-ms="11036" status="PASS">
          <reporter-output>
          </reporter-output>
        </test-method> <!-- openAppointment -->
        <test-method signature="firstDoctor()[pri:2, instance:com.akhilsystem_release.test.emr.VisitWiseWebpart@1a052a00]" started-at="2024-06-28T09:55:22 IST" name="firstDoctor" finished-at="2024-06-28T09:55:44 IST" duration-ms="22021" status="PASS">
          <reporter-output>
          </reporter-output>
        </test-method> <!-- firstDoctor -->
        <test-method signature="secondDoctor()[pri:3, instance:com.akhilsystem_release.test.emr.VisitWiseWebpart@1a052a00]" started-at="2024-06-28T09:55:44 IST" name="secondDoctor" finished-at="2024-06-28T09:56:01 IST" duration-ms="17144" status="PASS">
          <reporter-output>
          </reporter-output>
        </test-method> <!-- secondDoctor -->
        <test-method signature="thirdDoctor()[pri:4, instance:com.akhilsystem_release.test.emr.VisitWiseWebpart@1a052a00]" started-at="2024-06-28T09:56:01 IST" name="thirdDoctor" finished-at="2024-06-28T09:56:18 IST" duration-ms="16931" status="PASS">
          <reporter-output>
          </reporter-output>
        </test-method> <!-- thirdDoctor -->
        <test-method signature="closeAppointment()[pri:5, instance:com.akhilsystem_release.test.emr.VisitWiseWebpart@1a052a00]" started-at="2024-06-28T09:56:18 IST" name="closeAppointment" finished-at="2024-06-28T09:56:21 IST" duration-ms="3079" status="PASS">
          <reporter-output>
          </reporter-output>
        </test-method> <!-- closeAppointment -->
        <test-method signature="fstDoctorLogin()[pri:6, instance:com.akhilsystem_release.test.emr.VisitWiseWebpart@1a052a00]" started-at="2024-06-28T09:56:21 IST" name="fstDoctorLogin" finished-at="2024-06-28T09:56:32 IST" duration-ms="10596" status="PASS">
          <reporter-output>
          </reporter-output>
        </test-method> <!-- fstDoctorLogin -->
        <test-method signature="fillFstDoctorData()[pri:7, instance:com.akhilsystem_release.test.emr.VisitWiseWebpart@1a052a00]" started-at="2024-06-28T09:56:32 IST" name="fillFstDoctorData" finished-at="2024-06-28T09:56:40 IST" duration-ms="7604" status="PASS">
          <reporter-output>
          </reporter-output>
        </test-method> <!-- fillFstDoctorData -->
        <test-method signature="sndDoctorLogin()[pri:8, instance:com.akhilsystem_release.test.emr.VisitWiseWebpart@1a052a00]" started-at="2024-06-28T09:56:40 IST" name="sndDoctorLogin" finished-at="2024-06-28T09:56:51 IST" duration-ms="11127" status="PASS">
          <reporter-output>
          </reporter-output>
        </test-method> <!-- sndDoctorLogin -->
        <test-method signature="verifyFstDoctorData()[pri:9, instance:com.akhilsystem_release.test.emr.VisitWiseWebpart@1a052a00]" started-at="2024-06-28T09:56:51 IST" name="verifyFstDoctorData" finished-at="2024-06-28T09:56:54 IST" duration-ms="3824" status="PASS">
          <reporter-output>
          </reporter-output>
        </test-method> <!-- verifyFstDoctorData -->
        <test-method signature="fillSndDoctorData()[pri:10, instance:com.akhilsystem_release.test.emr.VisitWiseWebpart@1a052a00]" started-at="2024-06-28T09:56:54 IST" name="fillSndDoctorData" finished-at="2024-06-28T09:56:58 IST" duration-ms="3534" status="PASS">
          <reporter-output>
          </reporter-output>
        </test-method> <!-- fillSndDoctorData -->
        <test-method signature="trdDoctorLogin()[pri:11, instance:com.akhilsystem_release.test.emr.VisitWiseWebpart@1a052a00]" started-at="2024-06-28T09:56:58 IST" name="trdDoctorLogin" finished-at="2024-06-28T09:57:08 IST" duration-ms="10151" status="PASS">
          <reporter-output>
          </reporter-output>
        </test-method> <!-- trdDoctorLogin -->
        <test-method signature="verifySndDoctorData()[pri:12, instance:com.akhilsystem_release.test.emr.VisitWiseWebpart@1a052a00]" started-at="2024-06-28T09:57:08 IST" name="verifySndDoctorData" finished-at="2024-06-28T09:57:13 IST" duration-ms="4355" status="PASS">
          <reporter-output>
          </reporter-output>
        </test-method> <!-- verifySndDoctorData -->
        <test-method is-config="true" signature="teardown()[pri:0, instance:com.akhilsystem_release.test.emr.VisitWiseWebpart@1a052a00]" started-at="2024-06-28T09:57:13 IST" name="teardown" finished-at="2024-06-28T09:57:18 IST" duration-ms="5661" status="PASS">
          <reporter-output>
          </reporter-output>
        </test-method> <!-- teardown -->
      </class> <!-- com.akhilsystem_release.test.emr.VisitWiseWebpart -->
    </test> <!-- Test -->
  </suite> <!-- Suite -->
</testng-results>
