<?xml version="1.0" encoding="UTF-8"?>
<testng-results ignored="0" total="12" passed="12" failed="0" skipped="0">
  <reporter-output>
  </reporter-output>
  <suite started-at="2024-07-04T12:28:15 IST" name="Suite" finished-at="2024-07-04T12:30:34 IST" duration-ms="138824">
    <groups>
    </groups>
    <test started-at="2024-07-04T12:28:15 IST" name="Test" finished-at="2024-07-04T12:30:34 IST" duration-ms="138824">
      <class name="com.akhilsystem_release.test.emr.VisitWiseWebpart">
        <test-method is-config="true" signature="launch()[pri:0, instance:com.akhilsystem_release.test.emr.VisitWiseWebpart@1a052a00]" started-at="2024-07-04T12:28:15 IST" name="launch" finished-at="2024-07-04T12:28:19 IST" duration-ms="3998" status="PASS">
          <reporter-output>
          </reporter-output>
        </test-method> <!-- launch -->
        <test-method is-config="true" signature="setup()[pri:0, instance:com.akhilsystem_release.test.emr.VisitWiseWebpart@1a052a00]" started-at="2024-07-04T12:28:19 IST" name="setup" finished-at="2024-07-04T12:28:19 IST" duration-ms="248" status="PASS">
          <reporter-output>
          </reporter-output>
        </test-method> <!-- setup -->
        <test-method signature="openAppointment()[pri:1, instance:com.akhilsystem_release.test.emr.VisitWiseWebpart@1a052a00]" started-at="2024-07-04T12:28:19 IST" name="openAppointment" finished-at="2024-07-04T12:28:29 IST" duration-ms="9953" status="PASS">
          <reporter-output>
          </reporter-output>
        </test-method> <!-- openAppointment -->
        <test-method signature="firstDoctor()[pri:2, instance:com.akhilsystem_release.test.emr.VisitWiseWebpart@1a052a00]" started-at="2024-07-04T12:28:29 IST" name="firstDoctor" finished-at="2024-07-04T12:28:47 IST" duration-ms="18117" status="PASS">
          <reporter-output>
          </reporter-output>
        </test-method> <!-- firstDoctor -->
        <test-method signature="secondDoctor()[pri:3, instance:com.akhilsystem_release.test.emr.VisitWiseWebpart@1a052a00]" started-at="2024-07-04T12:28:47 IST" name="secondDoctor" finished-at="2024-07-04T12:29:03 IST" duration-ms="15628" status="PASS">
          <reporter-output>
          </reporter-output>
        </test-method> <!-- secondDoctor -->
        <test-method signature="thirdDoctor()[pri:4, instance:com.akhilsystem_release.test.emr.VisitWiseWebpart@1a052a00]" started-at="2024-07-04T12:29:03 IST" name="thirdDoctor" finished-at="2024-07-04T12:29:17 IST" duration-ms="14288" status="PASS">
          <reporter-output>
          </reporter-output>
        </test-method> <!-- thirdDoctor -->
        <test-method signature="closeAppointment()[pri:5, instance:com.akhilsystem_release.test.emr.VisitWiseWebpart@1a052a00]" started-at="2024-07-04T12:29:17 IST" name="closeAppointment" finished-at="2024-07-04T12:29:20 IST" duration-ms="3077" status="PASS">
          <reporter-output>
          </reporter-output>
        </test-method> <!-- closeAppointment -->
        <test-method signature="fstDoctorLogin()[pri:6, instance:com.akhilsystem_release.test.emr.VisitWiseWebpart@1a052a00]" started-at="2024-07-04T12:29:20 IST" name="fstDoctorLogin" finished-at="2024-07-04T12:29:36 IST" duration-ms="15800" status="PASS">
          <reporter-output>
          </reporter-output>
        </test-method> <!-- fstDoctorLogin -->
        <test-method signature="fillFstDoctorData()[pri:7, instance:com.akhilsystem_release.test.emr.VisitWiseWebpart@1a052a00]" started-at="2024-07-04T12:29:36 IST" name="fillFstDoctorData" finished-at="2024-07-04T12:29:45 IST" duration-ms="8491" status="PASS">
          <reporter-output>
          </reporter-output>
        </test-method> <!-- fillFstDoctorData -->
        <test-method signature="sndDoctorLogin()[pri:8, instance:com.akhilsystem_release.test.emr.VisitWiseWebpart@1a052a00]" started-at="2024-07-04T12:29:45 IST" name="sndDoctorLogin" finished-at="2024-07-04T12:30:00 IST" duration-ms="14794" status="PASS">
          <reporter-output>
          </reporter-output>
        </test-method> <!-- sndDoctorLogin -->
        <test-method signature="verifyFstDoctorData()[pri:9, instance:com.akhilsystem_release.test.emr.VisitWiseWebpart@1a052a00]" started-at="2024-07-04T12:30:00 IST" name="verifyFstDoctorData" finished-at="2024-07-04T12:30:05 IST" duration-ms="5164" status="PASS">
          <reporter-output>
          </reporter-output>
        </test-method> <!-- verifyFstDoctorData -->
        <test-method signature="fillSndDoctorData()[pri:10, instance:com.akhilsystem_release.test.emr.VisitWiseWebpart@1a052a00]" started-at="2024-07-04T12:30:05 IST" name="fillSndDoctorData" finished-at="2024-07-04T12:30:08 IST" duration-ms="3464" status="PASS">
          <reporter-output>
          </reporter-output>
        </test-method> <!-- fillSndDoctorData -->
        <test-method signature="trdDoctorLogin()[pri:11, instance:com.akhilsystem_release.test.emr.VisitWiseWebpart@1a052a00]" started-at="2024-07-04T12:30:08 IST" name="trdDoctorLogin" finished-at="2024-07-04T12:30:23 IST" duration-ms="14752" status="PASS">
          <reporter-output>
          </reporter-output>
        </test-method> <!-- trdDoctorLogin -->
        <test-method signature="verifySndDoctorData()[pri:12, instance:com.akhilsystem_release.test.emr.VisitWiseWebpart@1a052a00]" started-at="2024-07-04T12:30:23 IST" name="verifySndDoctorData" finished-at="2024-07-04T12:30:28 IST" duration-ms="5184" status="PASS">
          <reporter-output>
          </reporter-output>
        </test-method> <!-- verifySndDoctorData -->
        <test-method is-config="true" signature="teardown()[pri:0, instance:com.akhilsystem_release.test.emr.VisitWiseWebpart@1a052a00]" started-at="2024-07-04T12:30:28 IST" name="teardown" finished-at="2024-07-04T12:30:34 IST" duration-ms="5688" status="PASS">
          <reporter-output>
          </reporter-output>
        </test-method> <!-- teardown -->
      </class> <!-- com.akhilsystem_release.test.emr.VisitWiseWebpart -->
    </test> <!-- Test -->
  </suite> <!-- Suite -->
</testng-results>
